f:\maze\c_final\release\vc143.pdb
f:\maze\c_final\release\imgui.obj
f:\maze\c_final\release\strlib.obj
f:\maze\c_final\release\simpio.obj
f:\maze\c_final\release\random.obj
f:\maze\c_final\release\linkedlist.obj
f:\maze\c_final\release\graphics.obj
f:\maze\c_final\release\genlib.obj
f:\maze\c_final\release\exceptio.obj
f:\maze\c_final\release\showmaze.obj
f:\maze\c_final\release\maze.obj
f:\maze\c_final\release\main.obj
f:\maze\c_final\release\c_final.ipdb
f:\maze\c_final\release\c_final.iobj
f:\maze\c_final\release\c_final.res
f:\maze\c_final\release\c_final.pdb
f:\maze\c_final\release\c_final.exe
f:\maze\c_final\release\c_final.tlog\cl.command.1.tlog
f:\maze\c_final\release\c_final.tlog\cl.items.tlog
f:\maze\c_final\release\c_final.tlog\cl.read.1.tlog
f:\maze\c_final\release\c_final.tlog\cl.write.1.tlog
f:\maze\c_final\release\c_final.tlog\link.command.1.tlog
f:\maze\c_final\release\c_final.tlog\link.read.1.tlog
f:\maze\c_final\release\c_final.tlog\link.write.1.tlog
f:\maze\c_final\release\c_final.tlog\link.write.2u.tlog
f:\maze\c_final\release\c_final.tlog\rc.command.1.tlog
f:\maze\c_final\release\c_final.tlog\rc.read.1.tlog
f:\maze\c_final\release\c_final.tlog\rc.write.1.tlog
